Traceback (most recent call last):
  File "C:\Users\ulfin\.conda\envs\inf100\Lib\site-packages\jupyter_cache\executors\utils.py", line 58, in single_nb_execution
    executenb(
  File "C:\Users\ulfin\.conda\envs\inf100\Lib\site-packages\nbclient\client.py", line 1314, in execute
    return NotebookClient(nb=nb, resources=resources, km=km, **kwargs).execute()
           ^^^^^^^^^^^^^^^^^^^^^^^^^^^^^^^^^^^^^^^^^^^^^^^^^^^^^^^^^^^^^^^^^^^^^
  File "C:\Users\ulfin\.conda\envs\inf100\Lib\site-packages\jupyter_core\utils\__init__.py", line 165, in wrapped
    return loop.run_until_complete(inner)
           ^^^^^^^^^^^^^^^^^^^^^^^^^^^^^^
  File "C:\Users\ulfin\.conda\envs\inf100\Lib\asyncio\base_events.py", line 687, in run_until_complete
    return future.result()
           ^^^^^^^^^^^^^^^
  File "C:\Users\ulfin\.conda\envs\inf100\Lib\site-packages\nbclient\client.py", line 709, in async_execute
    await self.async_execute_cell(
  File "C:\Users\ulfin\.conda\envs\inf100\Lib\site-packages\nbclient\client.py", line 1062, in async_execute_cell
    await self._check_raise_for_error(cell, cell_index, exec_reply)
  File "C:\Users\ulfin\.conda\envs\inf100\Lib\site-packages\nbclient\client.py", line 918, in _check_raise_for_error
    raise CellExecutionError.from_cell_and_msg(cell, exec_reply_content)
nbclient.exceptions.CellExecutionError: An error occurred while executing the following cell:
------------------
# Kan også bruke en pakke som heter Roots (denne er ikke innenfor pensum, blir dere bedt om å skrive en nullpunkts metode på eksamen så er det ikke meningen at dere skal bruke roots.)
# Men det er greit å vite at det finnes pakker som gjør dette for oss.

using Roots
p = find_zero(f, 0)
p*100
------------------


ArgumentError: Package Roots not found in current path.
- Run `import Pkg; Pkg.add("Roots")` to install the Roots package.

Stacktrace:
 [1] macro expansion
   @ Base .\loading.jl:1766 [inlined]
 [2] macro expansion
   @ Base .\lock.jl:267 [inlined]
 [3] __require(into::Module, mod::Symbol)
   @ Base .\loading.jl:1747
 [4] #invoke_in_world#3
   @ Base .\essentials.jl:921 [inlined]
 [5] invoke_in_world
   @ Base .\essentials.jl:918 [inlined]
 [6] require(into::Module, mod::Symbol)
   @ Base .\loading.jl:1740

